<?xml version="1.0" encoding="UTF-8"?>
<testExecutions version="1">
    <file path="C:\Users\Aleksandr\Documents\WebDev\todo-list\components\HandleUser\HandleUserIsLoading.test.tsx">
        <testCase name="Given a HandleUser component When it rendered And is loading Then it should show &apos;Loading...&apos; message" duration="19"/>
    </file>
    <file path="C:\Users\Aleksandr\Documents\WebDev\todo-list\components\HandleUser\HandleUserError.test.tsx">
        <testCase name="Given a HandleUser component When it rendered And is error Then it should show login error message" duration="26"/>
    </file>
    <file path="C:\Users\Aleksandr\Documents\WebDev\todo-list\components\Header\Header.test.tsx">
        <testCase name="Given a Header component When it rendered When the user is not logged in Then it should show text message for the not logged-in user" duration="92"/>
        <testCase name="Given a Header component When it rendered Then it should show Login button" duration="92"/>
    </file>
    <file path="C:\Users\Aleksandr\Documents\WebDev\todo-list\components\Footer\Footer.test.tsx">
        <testCase name="Given a Footer component When it rendered Then it should show text &apos;Made by Aleksandr Turchenko&apos;" duration="97"/>
        <testCase name="Given a Footer component When it rendered Then it should show button with GitHub link and icon" duration="105"/>
        <testCase name="Given a Footer component When it rendered Then it should show button with LinkedIn link and icon" duration="52"/>
    </file>
    <file path="C:\Users\Aleksandr\Documents\WebDev\todo-list\components\HandleUser\HandleUser.test.tsx">
        <testCase name="Given a HandleUser component When it rendered When the user is logged-in Then it should show message for logged-in user" duration="169"/>
        <testCase name="Given a HandleUser component When it rendered Then it should show user profile button" duration="35"/>
        <testCase name="Given a HandleUser component When it rendered Then it should show profile Logout button" duration="24"/>
        <testCase name="Given a HandleUser component When it rendered Then it should show user settings button" duration="87"/>
    </file>
    <file path="C:\Users\Aleksandr\Documents\WebDev\todo-list\components\CreateTask\CreateTask.test.tsx">
        <testCase name="Given a CreateTask component When it rendered It should show input area for task name" duration="297"/>
        <testCase name="Given a CreateTask component When it rendered It should show input area for task description" duration="65"/>
        <testCase name="Given a CreateTask component When it rendered It should show submit button" duration="41"/>
    </file>
    <file path="C:\Users\Aleksandr\Documents\WebDev\todo-list\components\TaskCard\TaskCard.test.tsx">
        <testCase name="Given a TaskCard component When it rendered It should show button group" duration="369"/>
        <testCase name="Given a TaskCard component When it rendered It should show delete button" duration="95"/>
        <testCase name="Given a TaskCard component When it rendered It should show update Button" duration="78"/>
        <testCase name="Given a TaskCard component When it rendered When a user click on delete button Then it should call onDelete function from props" duration="70"/>
    </file>
    <file path="C:\Users\Aleksandr\Documents\WebDev\todo-list\components\UpdateTaskDialog\UpdateTaskDialog.test.tsx">
        <testCase name="Given a UpdateTaskDialog component When it rendered It should show update button" duration="317"/>
        <testCase name="Given a UpdateTaskDialog component When it rendered When the user click on Update button Then it should show dialog modal" duration="134"/>
        <testCase name="Given a UpdateTaskDialog component When it rendered When a user enter new task name and click on Save button Then it should call setUserTasks function with updated task" duration="361"/>
    </file>
</testExecutions>